<?xml version="1.0" encoding="UTF-8"?>
<Site BuildName="Darwin-clang++"
	BuildStamp="20240105-0722-Experimental"
	Name="Noahs-MacBook-Pro.local"
	Generator="ctest-3.23.2"
	CompilerName="/usr/bin/clang++"
	CompilerVersion="13.1.6.13160021"
	OSName="macOS"
	Hostname="Noahs-MacBook-Pro.local"
	OSRelease="12.6.7"
	OSVersion="21G651"
	OSPlatform="arm64"
	Is64Bits="1"
	VendorString="IBM"
	VendorID="IBM"
	FamilyID="16777228"
	ModelID="2"
	ProcessorCacheSize="131072"
	NumberOfLogicalCPU="8"
	NumberOfPhysicalCPU="8"
	TotalVirtualMemory="0"
	TotalPhysicalMemory="8192"
	LogicalProcessorsPerPhysical="8"
	ProcessorClockFrequency="0"
	>
	<Testing>
		<StartDateTime>Jan 05 22:21 +0330</StartDateTime>
		<StartTestTime>1704480708</StartTestTime>
		<TestList/>
		<EndDateTime>Jan 05 22:21 +0330</EndDateTime>
		<EndTestTime>1704480708</EndTestTime>
		<ElapsedMinutes>0</ElapsedMinutes>
	</Testing>
</Site>
